<?xml version="1.0" encoding="UTF-8"?>
<testsuite xmlns:xsi="http://www.w3.org/2001/XMLSchema-instance" xsi:noNamespaceSchemaLocation="https://maven.apache.org/surefire/maven-surefire-plugin/xsd/surefire-test-report-3.0.xsd" version="3.0" name="UnitTest" time="0.032" tests="6" errors="0" skipped="0" failures="0">
  <properties>
[...]
</properties>
  <testcase name="testCustomExp" classname="UnitTest" time="0.019"/>
  <testcase name="testCustomPow" classname="UnitTest" time="0.001"/>
  <testcase name="testCustomSin" classname="UnitTest" time="0.0"/>
  <testcase name="testLogGamma" classname="UnitTest" time="0.0"/>
  <testcase name="testCustomLogForNegativeInput" classname="UnitTest" time="0.002"/>
  <testcase name="testCustomSqrt" classname="UnitTest" time="0.0"/>
</testsuite>